Using pre-set license
Built from '2020.3/release' branch; Version is '2020.3.2f1 (8fd9074bf66c) revision 9427207'; Using compiler version '192528614'; Build Type 'Release'
OS: 'Windows 10 Home; OS build 19042.1237; Version 2009; 64bit' Language: 'en' Physical Memory: 32716 MB
BatchMode: 1, IsHumanControllingUs: 0, StartBugReporterOnCrash: 0, Is64bit: 1, IsPro: 0

 COMMAND LINE ARGUMENTS:
F:\Unity\2020.3.2f1\Editor\Unity.exe
-adb2
-batchMode
-noUpm
-name
AssetImportWorker0
-projectPath
F:/Mazerunner
-logFile
Logs/AssetImportWorker0.log
-srvPort
58954
Successfully changed project path to: F:/Mazerunner
F:/Mazerunner
Using Asset Import Pipeline V2.
Refreshing native plugins compatible for Editor in 241.40 ms, found 0 plugins.
Preloading 0 native plugins for Editor in 0.00 ms.
Initialize engine version: 2020.3.2f1 (8fd9074bf66c)
[Subsystems] Discovering subsystems at path F:/Unity/2020.3.2f1/Editor/Data/Resources/UnitySubsystems
[Subsystems] Discovering subsystems at path F:/Mazerunner/Assets
GfxDevice: creating device client; threaded=0
Direct3D:
    Version:  Direct3D 11.0 [level 11.1]
    Renderer: NVIDIA GeForce GTX 1070 (ID=0x1b81)
    Vendor:   
    VRAM:     8088 MB
    Driver:   30.0.14.7212
Initialize mono
Mono path[0] = 'F:/Unity/2020.3.2f1/Editor/Data/Managed'
Mono path[1] = 'F:/Unity/2020.3.2f1/Editor/Data/MonoBleedingEdge/lib/mono/unityjit'
Mono config path = 'F:/Unity/2020.3.2f1/Editor/Data/MonoBleedingEdge/etc'
Using monoOptions --debugger-agent=transport=dt_socket,embedding=1,server=y,suspend=n,address=127.0.0.1:56252
Begin MonoManager ReloadAssembly
Registering precompiled unity dll's ...
Register platform support module: F:/Unity/2020.3.2f1/Editor/Data/PlaybackEngines/WindowsStandaloneSupport/UnityEditor.WindowsStandalone.Extensions.dll
Registered in 0.001994 seconds.
Native extension for WindowsStandalone target not found
Refreshing native plugins compatible for Editor in 227.59 ms, found 0 plugins.
Preloading 0 native plugins for Editor in 0.00 ms.
Invoked RoslynAnalysisRunner static constructor.
RoslynAnalysisRunner will not be running.
RoslynAnalysisRunner has terminated.
Mono: successfully reloaded assembly
- Completed reload, in  3.522 seconds
Platform modules already initialized, skipping
Registering precompiled user dll's ...
Registered in 0.005006 seconds.
Begin MonoManager ReloadAssembly
Native extension for WindowsStandalone target not found
Refreshing native plugins compatible for Editor in 354.98 ms, found 0 plugins.
Preloading 0 native plugins for Editor in 0.00 ms.
Invoked RoslynAnalysisRunner static constructor.
RoslynAnalysisRunner will not be running.
RoslynAnalysisRunner has terminated.
Mono: successfully reloaded assembly
- Completed reload, in  6.807 seconds
Platform modules already initialized, skipping
========================================================================
Worker process is ready to serve import requests
Launched and connected shader compiler UnityShaderCompiler.exe after 0.27 seconds
Refreshing native plugins compatible for Editor in 2.89 ms, found 0 plugins.
Preloading 0 native plugins for Editor in 0.00 ms.
Unloading 3500 Unused Serialized files (Serialized files now loaded: 0)
System memory in use before: 171.1 MB.
System memory in use after: 171.3 MB.

Unloading 11 unused Assets to reduce memory usage. Loaded Objects now: 3958.
Total: 18.965200 ms (FindLiveObjects: 0.831000 ms CreateObjectMapping: 0.641600 ms MarkObjects: 17.383500 ms  DeleteObjects: 0.106800 ms)

========================================================================
Received Import Request.
  path: Assets/DayNightCycle.prefab
  artifactKey: Guid(b9e2e746401e4bd46ab9f6637d0bc4e0) Importer(815301076,1909f56bfc062723c751e8b465ee728b)
Start importing Assets/DayNightCycle.prefab using Guid(b9e2e746401e4bd46ab9f6637d0bc4e0) Importer(815301076,1909f56bfc062723c751e8b465ee728b)  -> (artifact id: 'dd78eedd72e7608c21f35ca0dbe81a89') in 0.222180 seconds
  Import took 0.245252 seconds .

========================================================================
Received Import Request.
  Time since last request: 0.000566 seconds.
  path: Assets/SampleSceneAssets/TutorialInfo/Readme.asset
  artifactKey: Guid(83c2ed844a8c74b779a4c823d16594b1) Importer(815301076,1909f56bfc062723c751e8b465ee728b)
Start importing Assets/SampleSceneAssets/TutorialInfo/Readme.asset using Guid(83c2ed844a8c74b779a4c823d16594b1) Importer(815301076,1909f56bfc062723c751e8b465ee728b)  -> (artifact id: '55298d28f5103d2a416124cc320ad191') in 0.026762 seconds
  Import took 0.041301 seconds .

========================================================================
Received Import Request.
  Time since last request: 128.747302 seconds.
  path: Assets/SampleSceneAssets/Materials
  artifactKey: Guid(d2f531f5d83256a4bae958b795984094) Importer(815301076,1909f56bfc062723c751e8b465ee728b)
Start importing Assets/SampleSceneAssets/Materials using Guid(d2f531f5d83256a4bae958b795984094) Importer(815301076,1909f56bfc062723c751e8b465ee728b)  -> (artifact id: 'b353a6fc2b89d83e26909e5af675759d') in 0.022374 seconds
  Import took 0.034448 seconds .

========================================================================
Received Import Request.
  Time since last request: 0.047382 seconds.
  path: Assets/SampleSceneAssets/Materials
  artifactKey: Guid(d2f531f5d83256a4bae958b795984094) Importer(815301076,1909f56bfc062723c751e8b465ee728b)
Start importing Assets/SampleSceneAssets/Materials using Guid(d2f531f5d83256a4bae958b795984094) Importer(815301076,1909f56bfc062723c751e8b465ee728b)  -> (artifact id: 'b353a6fc2b89d83e26909e5af675759d') in 0.008037 seconds
  Import took 0.025634 seconds .

========================================================================
Received Import Request.
  Time since last request: 6.642522 seconds.
  path: Assets
  artifactKey: Guid(00000000000000001000000000000000) Importer(815301076,1909f56bfc062723c751e8b465ee728b)
Start importing Assets using Guid(00000000000000001000000000000000) Importer(815301076,1909f56bfc062723c751e8b465ee728b)  -> (artifact id: '819a33a9bd799f71faca6db75e8a216c') in 0.024400 seconds
  Import took 0.035162 seconds .

========================================================================
Received Import Request.
  Time since last request: 15.743854 seconds.
  path: Assets/Sound
  artifactKey: Guid(57f3c8a76674d46488afea7b6c2824ba) Importer(815301076,1909f56bfc062723c751e8b465ee728b)
Start importing Assets/Sound using Guid(57f3c8a76674d46488afea7b6c2824ba) Importer(815301076,1909f56bfc062723c751e8b465ee728b)  -> (artifact id: '5a33416073d9f7b9648f86642ef9f78a') in 0.019912 seconds
  Import took 0.055302 seconds .

========================================================================
Received Import Request.
  Time since last request: 0.026551 seconds.
  path: Assets/Sound
  artifactKey: Guid(57f3c8a76674d46488afea7b6c2824ba) Importer(815301076,1909f56bfc062723c751e8b465ee728b)
Start importing Assets/Sound using Guid(57f3c8a76674d46488afea7b6c2824ba) Importer(815301076,1909f56bfc062723c751e8b465ee728b)  -> (artifact id: '5a33416073d9f7b9648f86642ef9f78a') in 0.013117 seconds
  Import took 0.044348 seconds .

